Determining if the include file ndir.h exists failed with the following output:
Change Dir: /home/william/NuSMV-a/NuSMV-2.6.0/NuSMV/build/CMakeFiles/CMakeTmp

Run Build Command:"/usr/bin/make" "cmTC_f12ce/fast"
/usr/bin/make -f CMakeFiles/cmTC_f12ce.dir/build.make CMakeFiles/cmTC_f12ce.dir/build
make[1]: 进入目录“/home/william/NuSMV-a/NuSMV-2.6.0/NuSMV/build/CMakeFiles/CMakeTmp”
Building C object CMakeFiles/cmTC_f12ce.dir/CheckIncludeFile.c.o
/usr/bin/cc    -o CMakeFiles/cmTC_f12ce.dir/CheckIncludeFile.c.o   -c /home/william/NuSMV-a/NuSMV-2.6.0/NuSMV/build/CMakeFiles/CMakeTmp/CheckIncludeFile.c
/home/william/NuSMV-a/NuSMV-2.6.0/NuSMV/build/CMakeFiles/CMakeTmp/CheckIncludeFile.c:1:10: fatal error: ndir.h: 没有那个文件或目录
 #include <ndir.h>
          ^~~~~~~~
compilation terminated.
make[1]: *** [CMakeFiles/cmTC_f12ce.dir/build.make:66：CMakeFiles/cmTC_f12ce.dir/CheckIncludeFile.c.o] 错误 1
make[1]: 离开目录“/home/william/NuSMV-a/NuSMV-2.6.0/NuSMV/build/CMakeFiles/CMakeTmp”
make: *** [Makefile:126：cmTC_f12ce/fast] 错误 2


Determining if the include file sys/ndir.h exists failed with the following output:
Change Dir: /home/william/NuSMV-a/NuSMV-2.6.0/NuSMV/build/CMakeFiles/CMakeTmp

Run Build Command:"/usr/bin/make" "cmTC_ee3e7/fast"
/usr/bin/make -f CMakeFiles/cmTC_ee3e7.dir/build.make CMakeFiles/cmTC_ee3e7.dir/build
make[1]: 进入目录“/home/william/NuSMV-a/NuSMV-2.6.0/NuSMV/build/CMakeFiles/CMakeTmp”
Building C object CMakeFiles/cmTC_ee3e7.dir/CheckIncludeFile.c.o
/usr/bin/cc    -o CMakeFiles/cmTC_ee3e7.dir/CheckIncludeFile.c.o   -c /home/william/NuSMV-a/NuSMV-2.6.0/NuSMV/build/CMakeFiles/CMakeTmp/CheckIncludeFile.c
/home/william/NuSMV-a/NuSMV-2.6.0/NuSMV/build/CMakeFiles/CMakeTmp/CheckIncludeFile.c:1:10: fatal error: sys/ndir.h: 没有那个文件或目录
 #include <sys/ndir.h>
          ^~~~~~~~~~~~
compilation terminated.
make[1]: *** [CMakeFiles/cmTC_ee3e7.dir/build.make:66：CMakeFiles/cmTC_ee3e7.dir/CheckIncludeFile.c.o] 错误 1
make[1]: 离开目录“/home/william/NuSMV-a/NuSMV-2.6.0/NuSMV/build/CMakeFiles/CMakeTmp”
make: *** [Makefile:126：cmTC_ee3e7/fast] 错误 2


Determining if the function floor exists failed with the following output:
Change Dir: /home/william/NuSMV-a/NuSMV-2.6.0/NuSMV/build/CMakeFiles/CMakeTmp

Run Build Command:"/usr/bin/make" "cmTC_a5afe/fast"
/usr/bin/make -f CMakeFiles/cmTC_a5afe.dir/build.make CMakeFiles/cmTC_a5afe.dir/build
make[1]: 进入目录“/home/william/NuSMV-a/NuSMV-2.6.0/NuSMV/build/CMakeFiles/CMakeTmp”
Building C object CMakeFiles/cmTC_a5afe.dir/CheckFunctionExists.c.o
/usr/bin/cc   -DCHECK_FUNCTION_EXISTS=floor   -o CMakeFiles/cmTC_a5afe.dir/CheckFunctionExists.c.o   -c /usr/share/cmake-3.11/Modules/CheckFunctionExists.c
<command-line>:0:23: warning: conflicting types for built-in function ‘floor’ [-Wbuiltin-declaration-mismatch]
/usr/share/cmake-3.11/Modules/CheckFunctionExists.c:7:3: note: in expansion of macro ‘CHECK_FUNCTION_EXISTS’
   CHECK_FUNCTION_EXISTS(void);
   ^~~~~~~~~~~~~~~~~~~~~
Linking C executable cmTC_a5afe
/usr/bin/cmake -E cmake_link_script CMakeFiles/cmTC_a5afe.dir/link.txt --verbose=1
/usr/bin/cc  -DCHECK_FUNCTION_EXISTS=floor    -rdynamic CMakeFiles/cmTC_a5afe.dir/CheckFunctionExists.c.o  -o cmTC_a5afe 
CMakeFiles/cmTC_a5afe.dir/CheckFunctionExists.c.o：在函数‘main’中：
CheckFunctionExists.c:(.text+0x10)：对‘floor’未定义的引用
collect2: error: ld returned 1 exit status
make[1]: *** [CMakeFiles/cmTC_a5afe.dir/build.make:87：cmTC_a5afe] 错误 1
make[1]: 离开目录“/home/william/NuSMV-a/NuSMV-2.6.0/NuSMV/build/CMakeFiles/CMakeTmp”
make: *** [Makefile:126：cmTC_a5afe/fast] 错误 2


Determining if the function pow exists failed with the following output:
Change Dir: /home/william/NuSMV-a/NuSMV-2.6.0/NuSMV/build/CMakeFiles/CMakeTmp

Run Build Command:"/usr/bin/make" "cmTC_a607e/fast"
/usr/bin/make -f CMakeFiles/cmTC_a607e.dir/build.make CMakeFiles/cmTC_a607e.dir/build
make[1]: 进入目录“/home/william/NuSMV-a/NuSMV-2.6.0/NuSMV/build/CMakeFiles/CMakeTmp”
Building C object CMakeFiles/cmTC_a607e.dir/CheckFunctionExists.c.o
/usr/bin/cc   -DCHECK_FUNCTION_EXISTS=pow   -o CMakeFiles/cmTC_a607e.dir/CheckFunctionExists.c.o   -c /usr/share/cmake-3.11/Modules/CheckFunctionExists.c
<command-line>:0:23: warning: conflicting types for built-in function ‘pow’ [-Wbuiltin-declaration-mismatch]
/usr/share/cmake-3.11/Modules/CheckFunctionExists.c:7:3: note: in expansion of macro ‘CHECK_FUNCTION_EXISTS’
   CHECK_FUNCTION_EXISTS(void);
   ^~~~~~~~~~~~~~~~~~~~~
Linking C executable cmTC_a607e
/usr/bin/cmake -E cmake_link_script CMakeFiles/cmTC_a607e.dir/link.txt --verbose=1
/usr/bin/cc  -DCHECK_FUNCTION_EXISTS=pow    -rdynamic CMakeFiles/cmTC_a607e.dir/CheckFunctionExists.c.o  -o cmTC_a607e 
CMakeFiles/cmTC_a607e.dir/CheckFunctionExists.c.o：在函数‘main’中：
CheckFunctionExists.c:(.text+0x10)：对‘pow’未定义的引用
collect2: error: ld returned 1 exit status
make[1]: *** [CMakeFiles/cmTC_a607e.dir/build.make:87：cmTC_a607e] 错误 1
make[1]: 离开目录“/home/william/NuSMV-a/NuSMV-2.6.0/NuSMV/build/CMakeFiles/CMakeTmp”
make: *** [Makefile:126：cmTC_a607e/fast] 错误 2


