Determining if the include file ndir.h exists failed with the following output:
Change Dir: /home/william/CLionProjects/NuSMV/NuSMV-2.6.0/NuSMV/cmake-build-debug/CMakeFiles/CMakeTmp

Run Build Command:"/usr/bin/make" "cmTC_6cfa3/fast"
/usr/bin/make -f CMakeFiles/cmTC_6cfa3.dir/build.make CMakeFiles/cmTC_6cfa3.dir/build
make[1]: 进入目录“/home/william/CLionProjects/NuSMV/NuSMV-2.6.0/NuSMV/cmake-build-debug/CMakeFiles/CMakeTmp”
Building C object CMakeFiles/cmTC_6cfa3.dir/CheckIncludeFile.c.o
/usr/bin/cc    -o CMakeFiles/cmTC_6cfa3.dir/CheckIncludeFile.c.o   -c /home/william/CLionProjects/NuSMV/NuSMV-2.6.0/NuSMV/cmake-build-debug/CMakeFiles/CMakeTmp/CheckIncludeFile.c
/home/william/CLionProjects/NuSMV/NuSMV-2.6.0/NuSMV/cmake-build-debug/CMakeFiles/CMakeTmp/CheckIncludeFile.c:1:10: fatal error: ndir.h: 没有那个文件或目录
 #include <ndir.h>
          ^~~~~~~~
compilation terminated.
make[1]: *** [CMakeFiles/cmTC_6cfa3.dir/build.make:66：CMakeFiles/cmTC_6cfa3.dir/CheckIncludeFile.c.o] 错误 1
make[1]: 离开目录“/home/william/CLionProjects/NuSMV/NuSMV-2.6.0/NuSMV/cmake-build-debug/CMakeFiles/CMakeTmp”
make: *** [Makefile:121：cmTC_6cfa3/fast] 错误 2


Determining if the include file sys/ndir.h exists failed with the following output:
Change Dir: /home/william/CLionProjects/NuSMV/NuSMV-2.6.0/NuSMV/cmake-build-debug/CMakeFiles/CMakeTmp

Run Build Command:"/usr/bin/make" "cmTC_0b3ca/fast"
/usr/bin/make -f CMakeFiles/cmTC_0b3ca.dir/build.make CMakeFiles/cmTC_0b3ca.dir/build
make[1]: 进入目录“/home/william/CLionProjects/NuSMV/NuSMV-2.6.0/NuSMV/cmake-build-debug/CMakeFiles/CMakeTmp”
Building C object CMakeFiles/cmTC_0b3ca.dir/CheckIncludeFile.c.o
/usr/bin/cc    -o CMakeFiles/cmTC_0b3ca.dir/CheckIncludeFile.c.o   -c /home/william/CLionProjects/NuSMV/NuSMV-2.6.0/NuSMV/cmake-build-debug/CMakeFiles/CMakeTmp/CheckIncludeFile.c
/home/william/CLionProjects/NuSMV/NuSMV-2.6.0/NuSMV/cmake-build-debug/CMakeFiles/CMakeTmp/CheckIncludeFile.c:1:10: fatal error: sys/ndir.h: 没有那个文件或目录
 #include <sys/ndir.h>
          ^~~~~~~~~~~~
compilation terminated.
make[1]: *** [CMakeFiles/cmTC_0b3ca.dir/build.make:66：CMakeFiles/cmTC_0b3ca.dir/CheckIncludeFile.c.o] 错误 1
make[1]: 离开目录“/home/william/CLionProjects/NuSMV/NuSMV-2.6.0/NuSMV/cmake-build-debug/CMakeFiles/CMakeTmp”
make: *** [Makefile:121：cmTC_0b3ca/fast] 错误 2


Determining if the function floor exists failed with the following output:
Change Dir: /home/william/CLionProjects/NuSMV/NuSMV-2.6.0/NuSMV/cmake-build-debug/CMakeFiles/CMakeTmp

Run Build Command:"/usr/bin/make" "cmTC_966fc/fast"
/usr/bin/make -f CMakeFiles/cmTC_966fc.dir/build.make CMakeFiles/cmTC_966fc.dir/build
make[1]: 进入目录“/home/william/CLionProjects/NuSMV/NuSMV-2.6.0/NuSMV/cmake-build-debug/CMakeFiles/CMakeTmp”
Building C object CMakeFiles/cmTC_966fc.dir/CheckFunctionExists.c.o
/usr/bin/cc   -DCHECK_FUNCTION_EXISTS=floor   -o CMakeFiles/cmTC_966fc.dir/CheckFunctionExists.c.o   -c /home/william/Downloads/clion-2018.3.4/bin/cmake/linux/share/cmake-3.13/Modules/CheckFunctionExists.c
<command-line>:0:23: warning: conflicting types for built-in function ‘floor’ [-Wbuiltin-declaration-mismatch]
/home/william/Downloads/clion-2018.3.4/bin/cmake/linux/share/cmake-3.13/Modules/CheckFunctionExists.c:7:3: note: in expansion of macro ‘CHECK_FUNCTION_EXISTS’
   CHECK_FUNCTION_EXISTS(void);
   ^~~~~~~~~~~~~~~~~~~~~
Linking C executable cmTC_966fc
/home/william/Downloads/clion-2018.3.4/bin/cmake/linux/bin/cmake -E cmake_link_script CMakeFiles/cmTC_966fc.dir/link.txt --verbose=1
/usr/bin/cc  -DCHECK_FUNCTION_EXISTS=floor    -rdynamic CMakeFiles/cmTC_966fc.dir/CheckFunctionExists.c.o  -o cmTC_966fc 
CMakeFiles/cmTC_966fc.dir/CheckFunctionExists.c.o：在函数‘main’中：
CheckFunctionExists.c:(.text+0x10)：对‘floor’未定义的引用
collect2: error: ld returned 1 exit status
make[1]: *** [CMakeFiles/cmTC_966fc.dir/build.make:87：cmTC_966fc] 错误 1
make[1]: 离开目录“/home/william/CLionProjects/NuSMV/NuSMV-2.6.0/NuSMV/cmake-build-debug/CMakeFiles/CMakeTmp”
make: *** [Makefile:121：cmTC_966fc/fast] 错误 2


Determining if the function pow exists failed with the following output:
Change Dir: /home/william/CLionProjects/NuSMV/NuSMV-2.6.0/NuSMV/cmake-build-debug/CMakeFiles/CMakeTmp

Run Build Command:"/usr/bin/make" "cmTC_d5b8e/fast"
/usr/bin/make -f CMakeFiles/cmTC_d5b8e.dir/build.make CMakeFiles/cmTC_d5b8e.dir/build
make[1]: 进入目录“/home/william/CLionProjects/NuSMV/NuSMV-2.6.0/NuSMV/cmake-build-debug/CMakeFiles/CMakeTmp”
Building C object CMakeFiles/cmTC_d5b8e.dir/CheckFunctionExists.c.o
/usr/bin/cc   -DCHECK_FUNCTION_EXISTS=pow   -o CMakeFiles/cmTC_d5b8e.dir/CheckFunctionExists.c.o   -c /home/william/Downloads/clion-2018.3.4/bin/cmake/linux/share/cmake-3.13/Modules/CheckFunctionExists.c
<command-line>:0:23: warning: conflicting types for built-in function ‘pow’ [-Wbuiltin-declaration-mismatch]
/home/william/Downloads/clion-2018.3.4/bin/cmake/linux/share/cmake-3.13/Modules/CheckFunctionExists.c:7:3: note: in expansion of macro ‘CHECK_FUNCTION_EXISTS’
   CHECK_FUNCTION_EXISTS(void);
   ^~~~~~~~~~~~~~~~~~~~~
Linking C executable cmTC_d5b8e
/home/william/Downloads/clion-2018.3.4/bin/cmake/linux/bin/cmake -E cmake_link_script CMakeFiles/cmTC_d5b8e.dir/link.txt --verbose=1
/usr/bin/cc  -DCHECK_FUNCTION_EXISTS=pow    -rdynamic CMakeFiles/cmTC_d5b8e.dir/CheckFunctionExists.c.o  -o cmTC_d5b8e 
CMakeFiles/cmTC_d5b8e.dir/CheckFunctionExists.c.o：在函数‘main’中：
CheckFunctionExists.c:(.text+0x10)：对‘pow’未定义的引用
collect2: error: ld returned 1 exit status
make[1]: *** [CMakeFiles/cmTC_d5b8e.dir/build.make:87：cmTC_d5b8e] 错误 1
make[1]: 离开目录“/home/william/CLionProjects/NuSMV/NuSMV-2.6.0/NuSMV/cmake-build-debug/CMakeFiles/CMakeTmp”
make: *** [Makefile:121：cmTC_d5b8e/fast] 错误 2


